<?xml version="1.0" encoding="UTF-8"?>
<!-- Generated by org.testng.reporters.JUnitReportReporter -->
<testsuite hostname="LAPTOP-3DLIS3TI" failures="0" tests="1" name="testcasesluma.registrationfun" time="2.882" errors="0" timestamp="2024-07-31T11:17:37 IST" skipped="0">
  <testcase classname="testcasesluma.registrationfun" name="registration" time="2.882"/>
</testsuite> <!-- testcasesluma.registrationfun -->
