<?xml version="1.0" encoding="UTF-8"?>
<!-- Generated by org.testng.reporters.JUnitReportReporter -->
<testsuite hostname="LAPTOP-3DLIS3TI" failures="0" tests="3" name="testcasesluma.LoginFunctionality" time="32.502" errors="0" timestamp="2024-08-22T06:23:48 IST" skipped="0">
  <testcase classname="testcasesluma.LoginFunctionality" name="logintest" time="9.611"/>
  <testcase classname="testcasesluma.LoginFunctionality" name="logintest" time="11.994"/>
  <testcase classname="testcasesluma.LoginFunctionality" name="logintest" time="10.897"/>
</testsuite> <!-- testcasesluma.LoginFunctionality -->
